-------------------------------------------------------------------------------->8
[2025-08-13T09:00:38.901357443Z][docker-desktop-user-distro] syncContextStores <HOME>/.docker/contexts <-> /mnt/c/Users/HP/.docker/contexts
[2025-08-13T09:00:38.911280443Z][docker-desktop-user-distro] syncContextStores <HOME>/.docker/contexts <-> /mnt/c/Users/HP/.docker/contexts os.Symlink <HOME>/.docker/contexts -> /mnt/c/Users/HP/.docker/contexts
-------------------------------------------------------------------------------->8
[2025-08-13T09:00:39.470606743Z][docker-desktop-user-distro] linkPathToWindows windowsPath = /mnt/c/Users/HP/.aws, linkPath = <HOME>/.aws
-------------------------------------------------------------------------------->8
[2025-08-13T09:00:39.982124743Z][docker-desktop-user-distro] linkPathToWindows windowsPath = /mnt/c/Users/HP/.azure, linkPath = <HOME>/.azure
-------------------------------------------------------------------------------->8
[2025-08-13T09:00:40.474482643Z][docker-desktop-user-distro] linkPathToWindows windowsPath = /mnt/c/Users/HP/.docker/features.json, linkPath = ~/.docker/features.json
-------------------------------------------------------------------------------->8
[2025-08-14T19:00:11.034241747Z][docker-desktop-user-distro] syncContextStores <HOME>/.docker/contexts <-> /mnt/c/Users/HP/.docker/contexts
[2025-08-14T19:00:11.062025593Z][docker-desktop-user-distro] syncContextStores <HOME>/.docker/contexts <-> /mnt/c/Users/HP/.docker/contexts: syncNoop
-------------------------------------------------------------------------------->8
[2025-08-14T19:00:11.726857299Z][docker-desktop-user-distro] linkPathToWindows windowsPath = /mnt/c/Users/HP/.aws, linkPath = <HOME>/.aws
[2025-08-14T19:00:11.732905422Z][docker-desktop-user-distro] no need to symlink <HOME>/.aws to /mnt/c/Users/HP/.aws: they are the same path already
-------------------------------------------------------------------------------->8
[2025-08-14T19:00:12.495425174Z][docker-desktop-user-distro] linkPathToWindows windowsPath = /mnt/c/Users/HP/.azure, linkPath = <HOME>/.azure
[2025-08-14T19:00:12.502620965Z][docker-desktop-user-distro] no need to symlink <HOME>/.azure to /mnt/c/Users/HP/.azure: they are the same path already
-------------------------------------------------------------------------------->8
[2025-08-14T19:00:13.266121419Z][docker-desktop-user-distro] linkPathToWindows windowsPath = /mnt/c/Users/HP/.docker/features.json, linkPath = ~/.docker/features.json
-------------------------------------------------------------------------------->8
[2025-08-19T05:09:19.796274262Z][docker-desktop-user-distro] syncContextStores <HOME>/.docker/contexts <-> /mnt/c/Users/HP/.docker/contexts
[2025-08-19T05:09:19.803415485Z][docker-desktop-user-distro] syncContextStores <HOME>/.docker/contexts <-> /mnt/c/Users/HP/.docker/contexts: syncNoop
-------------------------------------------------------------------------------->8
[2025-08-19T05:09:21.223663216Z][docker-desktop-user-distro] linkPathToWindows windowsPath = /mnt/c/Users/HP/.aws, linkPath = <HOME>/.aws
[2025-08-19T05:09:21.233966660Z][docker-desktop-user-distro] no need to symlink <HOME>/.aws to /mnt/c/Users/HP/.aws: they are the same path already
-------------------------------------------------------------------------------->8
[2025-08-19T05:09:22.021588645Z][docker-desktop-user-distro] linkPathToWindows windowsPath = /mnt/c/Users/HP/.azure, linkPath = <HOME>/.azure
[2025-08-19T05:09:22.029573838Z][docker-desktop-user-distro] no need to symlink <HOME>/.azure to /mnt/c/Users/HP/.azure: they are the same path already
-------------------------------------------------------------------------------->8
[2025-08-19T05:09:22.688160831Z][docker-desktop-user-distro] linkPathToWindows windowsPath = /mnt/c/Users/HP/.docker/features.json, linkPath = ~/.docker/features.json
-------------------------------------------------------------------------------->8
[2025-08-26T06:04:36.167133730Z][docker-desktop-user-distro] syncContextStores <HOME>/.docker/contexts <-> /mnt/c/Users/HP/.docker/contexts
[2025-08-26T06:04:36.235324349Z][docker-desktop-user-distro] syncContextStores <HOME>/.docker/contexts <-> /mnt/c/Users/HP/.docker/contexts: syncNoop
-------------------------------------------------------------------------------->8
[2025-08-26T06:04:37.540497136Z][docker-desktop-user-distro] linkPathToWindows windowsPath = /mnt/c/Users/HP/.aws, linkPath = <HOME>/.aws
[2025-08-26T06:04:37.595891109Z][docker-desktop-user-distro] no need to symlink <HOME>/.aws to /mnt/c/Users/HP/.aws: they are the same path already
-------------------------------------------------------------------------------->8
[2025-08-26T06:04:39.945507055Z][docker-desktop-user-distro] linkPathToWindows windowsPath = /mnt/c/Users/HP/.azure, linkPath = <HOME>/.azure
[2025-08-26T06:04:40.168246432Z][docker-desktop-user-distro] no need to symlink <HOME>/.azure to /mnt/c/Users/HP/.azure: they are the same path already
-------------------------------------------------------------------------------->8
[2025-08-26T06:04:45.106741441Z][docker-desktop-user-distro] linkPathToWindows windowsPath = /mnt/c/Users/HP/.docker/features.json, linkPath = ~/.docker/features.json
-------------------------------------------------------------------------------->8
[2025-08-26T11:47:17.030011523Z][docker-desktop-user-distro] syncContextStores <HOME>/.docker/contexts <-> /mnt/c/Users/HP/.docker/contexts
[2025-08-26T11:47:17.082347423Z][docker-desktop-user-distro] syncContextStores <HOME>/.docker/contexts <-> /mnt/c/Users/HP/.docker/contexts: syncNoop
-------------------------------------------------------------------------------->8
[2025-08-26T11:47:18.221321523Z][docker-desktop-user-distro] linkPathToWindows windowsPath = /mnt/c/Users/HP/.aws, linkPath = <HOME>/.aws
[2025-08-26T11:47:18.244152923Z][docker-desktop-user-distro] no need to symlink <HOME>/.aws to /mnt/c/Users/HP/.aws: they are the same path already
-------------------------------------------------------------------------------->8
[2025-08-26T11:47:19.771462523Z][docker-desktop-user-distro] linkPathToWindows windowsPath = /mnt/c/Users/HP/.azure, linkPath = <HOME>/.azure
[2025-08-26T11:47:20.118408423Z][docker-desktop-user-distro] no need to symlink <HOME>/.azure to /mnt/c/Users/HP/.azure: they are the same path already
-------------------------------------------------------------------------------->8
[2025-08-26T11:47:21.698238923Z][docker-desktop-user-distro] linkPathToWindows windowsPath = /mnt/c/Users/HP/.docker/features.json, linkPath = ~/.docker/features.json
-------------------------------------------------------------------------------->8
[2025-08-28T05:14:00.320960540Z][docker-desktop-user-distro] syncContextStores <HOME>/.docker/contexts <-> /mnt/c/Users/HP/.docker/contexts
[2025-08-28T05:14:00.426272440Z][docker-desktop-user-distro] syncContextStores <HOME>/.docker/contexts <-> /mnt/c/Users/HP/.docker/contexts: syncNoop
-------------------------------------------------------------------------------->8
[2025-08-28T05:14:03.602567540Z][docker-desktop-user-distro] linkPathToWindows windowsPath = /mnt/c/Users/HP/.aws, linkPath = <HOME>/.aws
[2025-08-28T05:14:03.657596240Z][docker-desktop-user-distro] no need to symlink <HOME>/.aws to /mnt/c/Users/HP/.aws: they are the same path already
-------------------------------------------------------------------------------->8
[2025-08-28T05:14:07.782400640Z][docker-desktop-user-distro] linkPathToWindows windowsPath = /mnt/c/Users/HP/.azure, linkPath = <HOME>/.azure
[2025-08-28T05:14:07.890524940Z][docker-desktop-user-distro] no need to symlink <HOME>/.azure to /mnt/c/Users/HP/.azure: they are the same path already
-------------------------------------------------------------------------------->8
[2025-08-28T05:14:10.811390940Z][docker-desktop-user-distro] linkPathToWindows windowsPath = /mnt/c/Users/HP/.docker/features.json, linkPath = ~/.docker/features.json
-------------------------------------------------------------------------------->8
[2025-09-02T07:32:37.326513700Z][docker-desktop-user-distro] syncContextStores <HOME>/.docker/contexts <-> /mnt/c/Users/HP/.docker/contexts
[2025-09-02T07:32:37.359336900Z][docker-desktop-user-distro] syncContextStores <HOME>/.docker/contexts <-> /mnt/c/Users/HP/.docker/contexts: syncNoop
-------------------------------------------------------------------------------->8
[2025-09-02T07:32:38.597289300Z][docker-desktop-user-distro] linkPathToWindows windowsPath = /mnt/c/Users/HP/.aws, linkPath = <HOME>/.aws
[2025-09-02T07:32:38.655570400Z][docker-desktop-user-distro] no need to symlink <HOME>/.aws to /mnt/c/Users/HP/.aws: they are the same path already
-------------------------------------------------------------------------------->8
[2025-09-02T07:32:40.446686100Z][docker-desktop-user-distro] linkPathToWindows windowsPath = /mnt/c/Users/HP/.azure, linkPath = <HOME>/.azure
[2025-09-02T07:32:40.459636200Z][docker-desktop-user-distro] no need to symlink <HOME>/.azure to /mnt/c/Users/HP/.azure: they are the same path already
-------------------------------------------------------------------------------->8
[2025-09-02T07:32:41.543049700Z][docker-desktop-user-distro] linkPathToWindows windowsPath = /mnt/c/Users/HP/.docker/features.json, linkPath = ~/.docker/features.json
